T1104 000:000.380   SEGGER J-Link V7.96p Log File
T1104 000:000.464   DLL Compiled: Jun 27 2024 15:58:03
T1104 000:000.468   Logging started @ 2024-11-09 09:52
T1104 000:000.472   Process: C:\Users\Pole\.eclipse\com.renesas.platform_1435879475\DebugComp\assp-riscv\e2-server-gdb.exe
T1104 000:000.478 - 0.477ms
T1104 000:000.490 JLINK_GetDLLVersion()
T1104 000:000.494 - 0.005ms returns 79616
T1104 000:001.388 JLINK_OpenEx(...)
T1104 000:005.874   Firmware: J-Link OB-RA4M2 compiled May 28 2024 15:43:06
T1104 000:007.020   Firmware: J-Link OB-RA4M2 compiled May 28 2024 15:43:06
T1104 000:021.813   Hardware: V1.00
T1104 000:021.845   S/N: 1088595368
T1104 000:021.851   OEM: SEGGER
T1104 000:021.857   Feature(s): None
T1104 000:022.902   Bootloader: 2021 May 14
T1104 000:023.581   USB speed mode: Full speed (12 MBit/s)
T1104 000:024.080   TELNET listener socket opened on port 19021
T1104 000:024.202   WEBSRV WEBSRV_Init(): Starting webserver thread(s)
T1104 000:024.345   WEBSRV Webserver running on local port 19080
T1104 000:024.435   Looking for J-Link GUI Server exe at: C:\Users\Pole\.eclipse\com.renesas.platform_1435879475\DebugComp\assp-riscv\RISCV\Segger\JLinkGUIServer.exe
T1104 000:024.607   Looking for J-Link GUI Server exe at: \JLinkGUIServer.exe
T1104 000:328.636   Failed to connect to J-Link GUI Server.
T1104 000:328.684 - 327.287ms returns "O.K."
T1104 000:328.809 JLINK_ExecCommand("ProjectFile=C:\Users\Pole\e2_studio\workspace\FreeRTOS_port_prod2/FreeRTOS_port_prod2 HardwareDebug.jlink", ...). 
T1104 000:343.008 - 14.198ms returns 0x00
T1104 000:343.382 JLINK_ExecCommand("device=R9A02G021", ...). 
T1104 000:344.241   Flash bank @ 0x00000000: SFL: Parsing sectorization info from ELF file
T1104 000:344.255     FlashDevice.SectorInfo[0]: .SectorSize = 0x00000800, .SectorStartAddr = 0x00000000
T1104 000:344.261   FlashBank @0x00000000: Sectorization info from SFL ELF file ignored because sectorization override from DLL / XML file is active.
T1104 000:344.350   Flash bank @ 0x00000000: SFL: Parsing sectorization info from ELF file
T1104 000:344.358     FlashDevice.SectorInfo[0]: .SectorSize = 0x00000004, .SectorStartAddr = 0x00000000
T1104 000:344.364   FlashBank @0x01010008: Sectorization info from SFL ELF file ignored because sectorization override from DLL / XML file is active.
T1104 000:344.395   Flash bank @ 0x00000000: SFL: Parsing sectorization info from ELF file
T1104 000:344.401     FlashDevice.SectorInfo[0]: .SectorSize = 0x00000400, .SectorStartAddr = 0x00000000
T1104 000:344.409   FlashBank @0x40100000: Sectorization info from SFL ELF file ignored because sectorization override from DLL / XML file is active.
T1104 000:344.427   Device "R9A02G021" selected.
T1104 000:344.656 - 1.263ms returns 0x00
T1104 000:344.672 JLINK_ExecCommand("SetCPUConnectIDCODE = FFFFFFFFFFFFFFFFFFFFFFFFFFFFFFFF", ...). 
T1104 000:344.679 - 0.001ms returns 0x00
T1104 000:344.689 JLINK_TIF_GetAvailable(...)
T1104 000:345.053 - 0.365ms
T1104 000:345.069 JLINK_TIF_Select(JLINKARM_TIF_CJTAG)
T1104 000:368.135 - 23.065ms returns 0x00
T1104 000:368.183 JLINK_SetSpeed(4000)
T1104 000:368.406 - 0.232ms
T1104 000:368.430 JLINK_SetEndian(ARM_ENDIAN_LITTLE)
T1104 000:368.436 - 0.004ms returns 0
T1104 000:368.442 JLINK_SetInitRegsOnReset(OFF)
T1104 000:368.447 - 0.006ms returns 1
T1104 000:368.454 JLINK_SetResetType(JLINKARM_RESET_TYPE_NORMAL)
T1104 000:368.459 - 0.006ms returns JLINKARM_RESET_TYPE_NORMAL
T1104 000:368.466 JLINK_ExecCommand("DisableFlashBPs", ...). 
T1104 000:368.477 - 0.005ms returns 0x00
T1104 000:368.957 JLINK_ExecCommand("SetAllowFlashCache = 1", ...). 
T1104 000:368.970 - 0.001ms returns 0x01
T1104 000:368.984 JLINK_ExecCommand("SetRestartOnClose = 0", ...). 
T1104 000:368.991 - 0.001ms returns 0x01
T1104 000:368.995 JLINK_EnableSoftBPs(ON)
T1104 000:368.999 - 0.003ms
T1104 000:369.008 JLINK_Connect()
T1104 000:369.619   ConfigTargetSettings() start
T1104 000:369.632    J-Link Script File: Executing ConfigTargetSettings()
T1104 000:369.647   ConfigTargetSettings() end - Took 15us
T1104 000:393.395   TotalIRLen = 5, IRPrint = 0x05
T1104 000:440.216   JTAG chain detection found 1 devices:
T1104 000:440.251    #0 Id: 0x00000001, IRLen: 05, Unknown device
T1104 000:440.277   Assuming RISC-V TAP with DTM setup
T1104 000:440.721   Debug architecture:
T1104 000:440.741     RISC-V debug: 0.13
T1104 000:440.751     AddrBits: 14
T1104 000:440.761     DataBits: 32
T1104 000:440.771     IdleClks: 4
T1104 000:440.788   Memory access:
T1104 000:442.110     Via system bus: No
T1104 000:443.008     Via ProgBuf: Yes (8 ProgBuf entries)
T1104 000:443.038     Via abstract command (AAM): May be tried as last resort
T1104 000:443.053   DataBuf: 4 entries
T1104 000:444.485     autoexec[0] implemented: Yes
T1104 000:449.273   Detected: RV32 core
T1104 000:449.512   -- Max. mem block: 0x0001D9B8
T1104 000:450.556   Temp. halting CPU for for feature detection...
T1104 000:489.280   HW instruction/data BPs: 4
T1104 000:489.323   Support set/clr BPs while running: No
T1104 000:494.759   HW data BPs trigger before execution of inst
T1104 000:496.364   CSR access via abs. commands: Yes
T1104 000:496.394   Compressed instruction support: Yes
T1104 000:496.405   Feature detection done. Restarting core...
T1104 000:500.463   BG memory access support: No
T1104 000:500.487   SetupTarget() start
T1104 000:500.499    J-Link Script File: Executing SetupTarget()
T1104 000:500.512   Memory access: CPU temp. halted: https://wiki.segger.com/Memory_accesses#Stop_mode
T1104 000:500.525   CPU_ReadMem(2 bytes @ 0x4001E3FE)
T1104 000:508.071   CPU is running
T1104 000:508.121   CPU_WriteMem(2 bytes @ 0x4001E3FE)
T1104 000:515.529   CPU is running
T1104 000:515.567   CPU_WriteMem(1 bytes @ 0x4001E40E)
T1104 000:523.462   CPU is running
T1104 000:523.516   CPU_WriteMem(2 bytes @ 0x4001E3FE)
T1104 000:530.867   SetupTarget() end - Took 30.3ms
T1104 000:530.975   Initializing 12288 bytes work RAM @ 0x20004000
T1104 000:531.006   RISC-V: Performing reset via <ndmreset>
T1104 000:703.893   CPU_WriteMem(12288 bytes @ 0x20004000)
T1104 002:341.187 - 1972.177ms returns 0x00
T1104 002:341.272 JLINK_ResetPullsRESET(ON)
T1104 002:341.285 - 0.013ms
T1104 002:341.315 JLINK_Halt()
T1104 002:342.801 - 1.484ms returns 0x00
T1104 002:342.871 JLINK_IsHalted()
T1104 002:342.890 - 0.018ms returns TRUE
T1104 002:342.906 JLINK_Reset()
T1104 002:342.937   RISC-V: Performing reset via <ndmreset>
T1104 002:514.585 - 171.677ms
T1104 002:514.651 JLINK_SetEndian(ARM_ENDIAN_LITTLE)
T1104 002:514.661 - 0.010ms returns 0
T1104 002:514.673 JLINK_IsHalted()
T1104 002:514.684 - 0.010ms returns TRUE
T1538 004:749.376 JLINK_BeginDownload(Flags = 0x00000000)
T1538 004:749.410 - 0.035ms
T1538 004:753.777 JLINK_IsHalted()
T1538 004:754.620 - 0.842ms returns TRUE
T1538 004:754.641 JLINK_WriteMem(0x00000000, 0x94 Bytes, ...)
T1538 004:754.647   Data:  97 11 00 00 93 81 01 80 17 71 00 20 13 01 41 FF ...
T1538 004:754.871   completely In flash
T1538 004:754.882 - 0.240ms returns 0x94
T1538 004:755.289 JLINK_IsHalted()
T1538 004:755.307 - 0.017ms returns TRUE
T1538 004:755.315 JLINK_WriteMem(0x000000C0, 0xCC Bytes, ...)
T1538 004:755.323   Data:  12 22 00 00 12 22 00 00 12 22 00 00 E6 22 00 00 ...
T1538 004:755.337   completely In flash
T1538 004:755.349 - 0.034ms returns 0xCC
T1538 004:755.675 JLINK_IsHalted()
T1538 004:755.692 - 0.017ms returns TRUE
T1538 004:755.701 JLINK_WriteMem(0x000001C0, 0x4 Bytes, ...)
T1538 004:755.708   Data:  6F 70 10 04
T1538 004:755.721   completely In flash
T1538 004:755.731 - 0.030ms returns 0x4
T1538 004:756.074 JLINK_IsHalted()
T1538 004:756.090 - 0.015ms returns TRUE
T1538 004:756.099 JLINK_WriteMem(0x00000400, 0x4 Bytes, ...)
T1538 004:756.106   Data:  FF FF FF FF
T1538 004:756.118   completely In flash
T1538 004:756.125 - 0.027ms returns 0x4
T1538 004:756.384 JLINK_IsHalted()
T1538 004:756.397 - 0.013ms returns TRUE
T1538 004:756.403 JLINK_WriteMem(0x00000404, 0x4 Bytes, ...)
T1538 004:756.408   Data:  FF CF FF FF
T1538 004:756.419   completely In flash
T1538 004:756.428 - 0.025ms returns 0x4
T1538 004:756.689 JLINK_IsHalted()
T1538 004:756.703 - 0.014ms returns TRUE
T1538 004:756.711 JLINK_WriteMem(0x00000408, 0x34 Bytes, ...)
T1538 004:756.718   Data:  FF FF FF FF FF FF FF FF FF FF FF FF FF FF FF FF ...
T1538 004:756.729   completely In flash
T1538 004:756.740 - 0.028ms returns 0x34
T1538 004:756.981 JLINK_IsHalted()
T1538 004:757.001 - 0.019ms returns TRUE
T1538 004:757.009 JLINK_WriteMem(0x00000800, 0x10 Bytes, ...)
T1538 004:757.015   Data:  FF FF FF FF FF FF FF FF FF FF FF FF FF FF FF FF
T1538 004:757.027   completely In flash
T1538 004:757.036 - 0.027ms returns 0x10
T1538 004:757.346 JLINK_IsHalted()
T1538 004:757.359 - 0.012ms returns TRUE
T1538 004:757.366 JLINK_WriteMem(0x00000810, 0x550 Bytes, ...)
T1538 004:757.373   Data:  60 45 00 20 AA AA AA AA 04 40 00 20 E8 03 00 00 ...
T1538 004:757.385   completely In flash
T1538 004:757.392 - 0.026ms returns 0x550
T1538 004:757.897 JLINK_IsHalted()
T1538 004:757.912 - 0.014ms returns TRUE
T1538 004:757.921 JLINK_WriteMem(0x00000E00, 0xB50 Bytes, ...)
T1538 004:757.927   Data:  B7 02 10 00 32 05 13 05 35 33 12 05 0D 05 23 A0 ...
T1538 004:757.937   completely In flash
T1538 004:757.944 - 0.023ms returns 0xB50
T1538 004:758.405 JLINK_IsHalted()
T1538 004:758.417 - 0.012ms returns TRUE
T1538 004:758.424 JLINK_WriteMem(0x00001950, 0xB70 Bytes, ...)
T1538 004:758.429   Data:  F5 C2 05 45 63 9C A6 18 B7 05 04 40 03 95 A5 02 ...
T1538 004:758.442   completely In flash
T1538 004:758.449 - 0.026ms returns 0xB70
T1538 004:758.894 JLINK_IsHalted()
T1538 004:758.906 - 0.012ms returns TRUE
T1538 004:758.912 JLINK_WriteMem(0x000024C0, 0xB90 Bytes, ...)
T1538 004:758.917   Data:  EF 30 60 46 15 C1 EF 30 A0 08 39 A8 EF 50 E0 44 ...
T1538 004:758.933   completely In flash
T1538 004:758.941 - 0.028ms returns 0xB90
T1538 004:759.415 JLINK_IsHalted()
T1538 004:759.428 - 0.012ms returns TRUE
T1538 004:759.434 JLINK_WriteMem(0x00003050, 0xB90 Bytes, ...)
T1538 004:759.439   Data:  81 AA 0A 85 EF 30 C0 28 85 4B 05 45 19 E5 89 A2 ...
T1538 004:759.457   completely In flash
T1538 004:759.464 - 0.030ms returns 0xB90
T1538 004:759.948 JLINK_IsHalted()
T1538 004:759.966 - 0.018ms returns TRUE
T1538 004:759.975 JLINK_WriteMem(0x00003BE0, 0xBA0 Bytes, ...)
T1538 004:759.983   Data:  30 53 08 5C 13 35 15 00 B2 40 22 44 41 01 82 80 ...
T1538 004:760.012   completely In flash
T1538 004:760.021 - 0.046ms returns 0xBA0
T1538 004:760.864 JLINK_IsHalted()
T1538 004:760.881 - 0.017ms returns TRUE
T1538 004:760.889 JLINK_WriteMem(0x00004780, 0xB80 Bytes, ...)
T1538 004:760.895   Data:  06 C6 22 C4 26 C2 2A 84 1D CD 83 44 C4 01 39 C4 ...
T1538 004:760.909   completely In flash
T1538 004:760.919 - 0.030ms returns 0xB80
T1538 004:761.424 JLINK_IsHalted()
T1538 004:761.437 - 0.013ms returns TRUE
T1538 004:761.443 JLINK_WriteMem(0x00005300, 0xB90 Bytes, ...)
T1538 004:761.448   Data:  6C 40 63 9A A5 00 B5 A8 B7 45 00 20 03 A4 05 57 ...
T1538 004:761.459   completely In flash
T1538 004:761.466 - 0.023ms returns 0xB90
T1538 004:761.939 JLINK_IsHalted()
T1538 004:761.951 - 0.012ms returns TRUE
T1538 004:761.956 JLINK_WriteMem(0x00005E90, 0xBA0 Bytes, ...)
T1538 004:761.968   Data:  3F BC 73 70 04 30 B7 44 00 20 03 A5 44 00 05 05 ...
T1538 004:761.976   completely In flash
T1538 004:761.983 - 0.026ms returns 0xBA0
T1538 004:762.454 JLINK_IsHalted()
T1538 004:762.466 - 0.011ms returns TRUE
T1538 004:762.471 JLINK_WriteMem(0x00006A30, 0xB70 Bytes, ...)
T1538 004:762.475   Data:  0C 41 85 05 0C C1 08 54 11 C9 37 95 00 00 13 05 ...
T1538 004:762.492   completely In flash
T1538 004:762.499 - 0.028ms returns 0xB70
T1538 004:762.850 JLINK_IsHalted()
T1538 004:762.864 - 0.013ms returns TRUE
T1538 004:762.870 JLINK_WriteMem(0x000075A0, 0xB70 Bytes, ...)
T1538 004:762.874   Data:  22 44 41 01 82 80 41 11 06 C6 22 C4 2A 84 01 E9 ...
T1538 004:762.883   completely In flash
T1538 004:762.889 - 0.019ms returns 0xB70
T1538 004:763.206 JLINK_IsHalted()
T1538 004:763.218 - 0.012ms returns TRUE
T1538 004:763.224 JLINK_WriteMem(0x00008110, 0xBA0 Bytes, ...)
T1538 004:763.235   Data:  14 C6 AA 95 D0 41 13 04 85 00 13 65 16 00 C8 C1 ...
T1538 004:763.255   completely In flash
T1538 004:763.263 - 0.038ms returns 0xBA0
T1538 004:763.514 JLINK_IsHalted()
T1538 004:763.525 - 0.011ms returns TRUE
T1538 004:763.532 JLINK_WriteMem(0x00008CB0, 0x28C Bytes, ...)
T1538 004:763.544   Data:  06 C6 22 C4 26 C2 2E 84 AA 84 19 C1 C8 58 19 C9 ...
T1538 004:763.557   completely In flash
T1538 004:763.567 - 0.034ms returns 0x28C
T1538 004:763.861 JLINK_IsHalted()
T1538 004:763.876 - 0.015ms returns TRUE
T1538 004:763.883 JLINK_WriteMem(0x00008F3C, 0x160 Bytes, ...)
T1538 004:763.889   Data:  00 6C DC 02 00 12 7A 00 00 80 00 00 00 2D 31 01 ...
T1538 004:763.899   completely In flash
T1538 004:763.908 - 0.024ms returns 0x160
T1538 004:764.172 JLINK_IsHalted()
T1538 004:764.187 - 0.014ms returns TRUE
T1538 004:764.195 JLINK_WriteMem(0x01010008, 0x4 Bytes, ...)
T1538 004:764.201   Data:  FF FF FF FF
T1538 004:764.475   completely In flash
T1538 004:764.488 - 0.293ms returns 0x4
T1538 004:764.703 JLINK_IsHalted()
T1538 004:764.716 - 0.012ms returns TRUE
T1538 004:764.723 JLINK_WriteMem(0x01010010, 0x4 Bytes, ...)
T1538 004:764.730   Data:  FF FF FF FF
T1538 004:764.742   completely In flash
T1538 004:764.752 - 0.028ms returns 0x4
T1538 004:764.925 JLINK_IsHalted()
T1538 004:764.937 - 0.012ms returns TRUE
T1538 004:764.945 JLINK_WriteMem(0x01010018, 0x4 Bytes, ...)
T1538 004:764.951   Data:  FF FF FF FF
T1538 004:764.961   completely In flash
T1538 004:764.971 - 0.026ms returns 0x4
T1538 004:765.169 JLINK_IsHalted()
T1538 004:765.181 - 0.011ms returns TRUE
T1538 004:765.189 JLINK_WriteMem(0x01010020, 0x4 Bytes, ...)
T1538 004:765.195   Data:  FF FF FF FF
T1538 004:765.206   completely In flash
T1538 004:765.216 - 0.027ms returns 0x4
T1538 004:765.400 JLINK_IsHalted()
T1538 004:765.411 - 0.011ms returns TRUE
T1538 004:765.419 JLINK_WriteMem(0x01010028, 0x4 Bytes, ...)
T1538 004:765.425   Data:  FF FF FF FF
T1538 004:765.436   completely In flash
T1538 004:765.445 - 0.026ms returns 0x4
T1538 004:765.615 JLINK_IsHalted()
T1538 004:765.626 - 0.011ms returns TRUE
T1538 004:765.634 JLINK_WriteMem(0x01010030, 0x4 Bytes, ...)
T1538 004:765.641   Data:  FF FF FF FF
T1538 004:765.651   completely In flash
T1538 004:765.661 - 0.027ms returns 0x4
T1538 004:765.907 JLINK_ReadReg(X0)
T1538 004:766.132    -- --------------------------------------
T1538 004:766.149    -- Start of determining flash info (Bank @ 0x00000000)
T1538 004:766.165    -- End of determining flash info
T1538 004:766.176    -- Start of determining dirty areas in flash cache
T1538 004:766.189    -- Filling invalid ranges in sector buffer (flash cache) for sector @ 0x00000000 if necessary
T1538 004:766.200    -- Filling invalid ranges in sector buffer (flash cache) for sector @ 0x00000800 if necessary
T1538 004:766.211    -- Filling invalid ranges in sector buffer (flash cache) for sector @ 0x00001000 if necessary
T1538 004:766.222    -- Filling invalid ranges in sector buffer (flash cache) for sector @ 0x00001800 if necessary
T1538 004:766.233    -- Filling invalid ranges in sector buffer (flash cache) for sector @ 0x00002000 if necessary
T1538 004:766.243    -- Filling invalid ranges in sector buffer (flash cache) for sector @ 0x00002800 if necessary
T1538 004:766.253    -- Filling invalid ranges in sector buffer (flash cache) for sector @ 0x00003000 if necessary
T1538 004:766.265    -- Filling invalid ranges in sector buffer (flash cache) for sector @ 0x00003800 if necessary
T1538 004:766.275    -- Filling invalid ranges in sector buffer (flash cache) for sector @ 0x00004000 if necessary
T1538 004:766.287    -- Filling invalid ranges in sector buffer (flash cache) for sector @ 0x00004800 if necessary
T1538 004:766.297    -- Filling invalid ranges in sector buffer (flash cache) for sector @ 0x00005000 if necessary
T1538 004:766.308    -- Filling invalid ranges in sector buffer (flash cache) for sector @ 0x00005800 if necessary
T1538 004:766.378    -- Filling invalid ranges in sector buffer (flash cache) for sector @ 0x00006000 if necessary
T1538 004:766.389    -- Filling invalid ranges in sector buffer (flash cache) for sector @ 0x00006800 if necessary
T1538 004:766.403    -- Filling invalid ranges in sector buffer (flash cache) for sector @ 0x00007000 if necessary
T1538 004:766.414    -- Filling invalid ranges in sector buffer (flash cache) for sector @ 0x00007800 if necessary
T1538 004:766.425    -- Filling invalid ranges in sector buffer (flash cache) for sector @ 0x00008000 if necessary
T1538 004:766.436    -- Filling invalid ranges in sector buffer (flash cache) for sector @ 0x00008800 if necessary
T1538 004:766.447    -- Filling invalid ranges in sector buffer (flash cache) for sector @ 0x00009000 if necessary
T1538 004:766.476    -- End of determining dirty areas
T1538 004:766.487    -- Start of preparing flash programming
T1538 004:766.499    -- Preparing RAMCode
T1538 004:766.509    -- Calculating RAM usage
T1538 004:766.522    -- RAM usage = 12288 Bytes
T1538 004:766.532    -- Preserving CPU registers
T1538 004:766.559    -- Preparing memory
T1538 004:766.569    -- Preparing target
T1538 004:766.579    -- Preserving target RAM temporarily used for programming
T1538 006:247.018    -- Downloading RAMCode
T1538 007:180.748    -- Initializing RAMCode (InitType: 3 = Verify)
T1538 007:180.777    -- Executing SEGGER_FL_Prepare(3)
T1538 007:219.406    -- SEGGER_FL_Prepare() changed clock speed to 48000000Hz
T1538 007:219.454    -- End of preparing flash programming
T1538 007:219.473    -- CPU is running at 48000 kHz.
T1538 007:219.487    -- Start of comparing flash
T1538 007:219.501    -- CRC check was estimated as fastest method
T1538 007:219.517    -- Comparing range 0x0000 - 0x97FF (19 Sectors, 38 KB), using single-block CRC calculation
T1538 007:219.533    -- Recalculating RAMUsage for optimal performance during programming
T1538 007:219.548    -- RAM usage changed from 12288 to 8272 Bytes
T1538 007:258.423    -- CRC does not match, checking individual sectors
T1538 007:258.453    -- Recalculating RAMUsage for optimal performance during programming
T1538 007:258.461    -- RAM usage changed from 12288 to 8272 Bytes
T1538 007:294.581    -- CRC does not match for sectors 0-15
T1538 007:294.626    -- Recalculating RAMUsage for optimal performance during programming
T1538 007:294.634    -- RAM usage changed from 12288 to 8272 Bytes
T1538 007:320.099    -- CRC matches for sectors 16-18
T1538 007:320.142    -- Comparing range 0x8000 - 0x97FF (3 Sectors, 6 KB), using alternative single-block CRC calculation
T1538 007:320.156    -- Recalculating RAMUsage for optimal performance during programming
T1538 007:320.167    -- RAM usage changed from 12288 to 8272 Bytes
T1538 007:345.427    -- CRC matches
T1538 007:345.467    -- End of comparing flash
T1538 007:345.480    -- Start of erasing sectors
T1538 007:345.495    -- Erasing range 0x00000000 - 0x00007FFF ( 16 Sectors, 32 KB)
T1538 007:345.508    -- Recalculating RAMUsage for optimal performance during programming
T1538 007:345.555    -- RAM usage changed from 12288 to 8272 Bytes
T1538 007:481.809    -- End of erasing sectors
T1538 007:481.835    -- Start of flash programming
T1538 007:481.844    -- Programming range 0x00000000 - 0x00007FFF ( 16 Sectors, 32 KB)
T1538 007:481.852    -- Recalculating RAMUsage for optimal performance during programming
T1538 007:481.858    -- RAM usage changed from 12288 to 8272 Bytes
T1538 008:598.442    -- End of flash programming
T1538 008:598.473    -- 0x0000 - 0x7FFF ( 16 Sectors, 32 KB)
T1538 008:598.482    -- Start of verifying flash
T1538 008:598.491    -- Checksum calculation was estimated as fastest method
T1538 008:598.500    -- Checksum is not supported by this flash bank. Switched to read back method.
T1538 008:598.510    -- Recalculating RAMUsage for optimal performance during programming
T1538 008:598.518    -- RAM usage changed from 12288 to 8272 Bytes
T1538 008:635.267    -- End of verifying flash
T1538 008:635.322    -- Start of restoring
T1538 008:635.333    -- Executing SEGGER_FL_Restore()
T1538 008:688.185    -- Restoring target memory
T1538 010:325.706    -- Restoring CPU registers
T1538 010:325.749    -- End of restoring
T1538 010:325.757    -- Bank 0 @ 0x00000000: 1 range affected (32768 bytes)
T1538 010:325.766    -- Total: 5.559s (Prepare: 2.452s, Compare: 0.125s, Erase: 0.136s, Program: 1.116s, Verify: 0.036s, Restore: 1.690s)
T1538 010:325.773    -- Program speed: 28 KB/s
T1538 010:325.782    -- --------------------------------------
T1538 010:325.788    -- Start of determining flash info (Bank @ 0x01010008)
T1538 010:325.794    -- End of determining flash info
T1538 010:325.801    -- Start of determining dirty areas in flash cache
T1538 010:325.808    -- Filling invalid ranges in sector buffer (flash cache) for sector @ 0x01010008 if necessary
T1538 010:325.817    -- Filling invalid ranges in sector buffer (flash cache) for sector @ 0x01010010 if necessary
T1538 010:325.824    -- Filling invalid ranges in sector buffer (flash cache) for sector @ 0x01010018 if necessary
T1538 010:325.830    -- Filling invalid ranges in sector buffer (flash cache) for sector @ 0x01010020 if necessary
T1538 010:325.846    -- Filling invalid ranges in sector buffer (flash cache) for sector @ 0x01010028 if necessary
T1538 010:325.853    -- Filling invalid ranges in sector buffer (flash cache) for sector @ 0x01010030 if necessary
T1538 010:325.859    -- End of determining dirty areas
T1538 010:325.866    -- Start of preparing flash programming
T1538 010:325.871    -- Preparing RAMCode
T1538 010:325.878    -- Calculating RAM usage
T1538 010:325.884    -- RAM usage = 5320 Bytes
T1538 010:325.890    -- Preserving CPU registers
T1538 010:325.904    -- Preparing memory
T1538 010:325.910    -- Preparing target
T1538 010:325.917    -- Preserving target RAM temporarily used for programming
T1538 010:967.540    -- Downloading RAMCode
T1538 011:931.679    -- Initializing RAMCode (InitType: 3 = Verify)
T1538 011:931.717    -- Executing SEGGER_FL_Prepare(3)
T1538 011:994.179    -- SEGGER_FL_Prepare() changed clock speed to 48000000Hz
T1538 011:994.227    -- End of preparing flash programming
T1538 011:994.249    -- CPU is running at 48000 kHz.
T1538 011:994.266    -- Start of comparing flash
T1538 011:994.282    -- CRC check was estimated as fastest method
T1538 011:994.301    -- Comparing range 0x1010008 - 0x101000B (1 Sector, 4 Bytes), using single-block CRC calculation
T1538 011:994.318    -- Recalculating RAMUsage for optimal performance during programming
T1538 011:994.334    -- RAM usage changed from 5320 to 8392 Bytes
T1538 012:144.010    -- CRC matches
T1538 012:144.102    -- Comparing range 0x1010010 - 0x1010013 (1 Sector, 4 Bytes), using single-block CRC calculation
T1538 012:144.140    -- Recalculating RAMUsage for optimal performance during programming
T1538 012:168.693    -- CRC matches
T1538 012:168.737    -- Comparing range 0x1010018 - 0x101001B (1 Sector, 4 Bytes), using single-block CRC calculation
T1538 012:168.753    -- Recalculating RAMUsage for optimal performance during programming
T1538 012:193.354    -- CRC matches
T1538 012:193.413    -- Comparing range 0x1010020 - 0x1010023 (1 Sector, 4 Bytes), using single-block CRC calculation
T1538 012:193.436    -- Recalculating RAMUsage for optimal performance during programming
T1538 012:217.572    -- CRC matches
T1538 012:217.612    -- Comparing range 0x1010028 - 0x101002B (1 Sector, 4 Bytes), using single-block CRC calculation
T1538 012:217.626    -- Recalculating RAMUsage for optimal performance during programming
T1538 012:242.498    -- CRC matches
T1538 012:242.567    -- Comparing range 0x1010030 - 0x1010033 (1 Sector, 4 Bytes), using single-block CRC calculation
T1538 012:242.592    -- Recalculating RAMUsage for optimal performance during programming
T1538 012:266.266    -- CRC matches
T1538 012:266.297    -- Comparing range 0x1010008 - 0x101000B (1 Sector, 4 Bytes), using alternative single-block CRC calculation
T1538 012:266.321    -- Recalculating RAMUsage for optimal performance during programming
T1538 012:291.354    -- CRC matches
T1538 012:291.390    -- Comparing range 0x1010010 - 0x1010013 (1 Sector, 4 Bytes), using alternative single-block CRC calculation
T1538 012:291.401    -- Recalculating RAMUsage for optimal performance during programming
T1538 012:315.480    -- CRC matches
T1538 012:315.518    -- Comparing range 0x1010018 - 0x101001B (1 Sector, 4 Bytes), using alternative single-block CRC calculation
T1538 012:315.531    -- Recalculating RAMUsage for optimal performance during programming
T1538 012:341.694    -- CRC matches
T1538 012:341.746    -- Comparing range 0x1010020 - 0x1010023 (1 Sector, 4 Bytes), using alternative single-block CRC calculation
T1538 012:341.765    -- Recalculating RAMUsage for optimal performance during programming
T1538 012:365.882    -- CRC matches
T1538 012:365.918    -- Comparing range 0x1010028 - 0x101002B (1 Sector, 4 Bytes), using alternative single-block CRC calculation
T1538 012:365.930    -- Recalculating RAMUsage for optimal performance during programming
T1538 012:390.730    -- CRC matches
T1538 012:390.790    -- Comparing range 0x1010030 - 0x1010033 (1 Sector, 4 Bytes), using alternative single-block CRC calculation
T1538 012:390.814    -- Recalculating RAMUsage for optimal performance during programming
T1538 012:414.800    -- CRC matches
T1538 012:414.834    -- End of comparing flash
T1538 012:414.846    -- Start of erasing sectors
T1538 012:414.858    -- End of erasing sectors
T1538 012:414.868    -- Start of flash programming
T1538 012:414.878    -- End of flash programming
T1538 012:414.890    -- Start of verifying flash
T1538 012:414.899    -- End of verifying flash
T1538 012:414.910    -- Start of restoring
T1538 012:414.921    -- Executing SEGGER_FL_Restore()
T1538 012:467.079    -- Restoring target memory
T1538 013:593.974    -- Restoring CPU registers
T1538 013:594.083    -- End of restoring
T1538 013:594.112    -- Bank 1 @ 0x01010008: Skipped. Contents already match
T1538 013:594.136    -- Bank 1 @ 0x01010008: Skipped. Contents already match
T1538 013:594.707 - 8828.802ms returns 0x00000000
T1538 013:594.792 JLINK_ReadReg(X1)
T1538 013:595.840 - 1.047ms returns 0x00000000
T1538 013:595.904 JLINK_ReadReg(X2)
T1538 013:595.925 - 0.020ms returns 0x00000000
T1538 013:595.944 JLINK_ReadReg(X3)
T1538 013:595.962 - 0.016ms returns 0x00000000
T1538 013:595.987 JLINK_ReadReg(X4)
T1538 013:596.005 - 0.017ms returns 0x00000000
T1538 013:596.029 JLINK_ReadReg(X5)
T1538 013:596.045 - 0.015ms returns 0x00000000
T1538 013:596.061 JLINK_ReadReg(X6)
T1538 013:596.075 - 0.014ms returns 0x00000000
T1538 013:597.958 JLINK_ReadReg(X7)
T1538 013:597.990 - 0.033ms returns 0x00000000
T1538 013:598.005 JLINK_ReadReg(X8)
T1538 013:598.016 - 0.010ms returns 0x00000000
T1538 013:598.027 JLINK_ReadReg(X9)
T1538 013:598.037 - 0.010ms returns 0x00000000
T1538 013:598.051 JLINK_ReadReg(X10)
T1538 013:598.062 - 0.011ms returns 0x00000000
T1538 013:598.074 JLINK_ReadReg(X11)
T1538 013:598.085 - 0.010ms returns 0x00000000
T1538 013:598.096 JLINK_ReadReg(X12)
T1538 013:598.106 - 0.010ms returns 0x00000000
T1538 013:598.117 JLINK_ReadReg(X13)
T1538 013:598.126 - 0.010ms returns 0x00000000
T1538 013:598.139 JLINK_ReadReg(X14)
T1538 013:598.150 - 0.010ms returns 0x00000000
T1538 013:598.162 JLINK_ReadReg(X15)
T1538 013:598.171 - 0.010ms returns 0x00000000
T1538 013:598.182 JLINK_ReadReg(X16)
T1538 013:598.192 - 0.010ms returns 0x00000000
T1538 013:598.205 JLINK_ReadReg(X17)
T1538 013:598.214 - 0.010ms returns 0x00000000
T1538 013:598.226 JLINK_ReadReg(X18)
T1538 013:598.235 - 0.010ms returns 0x00000000
T1538 013:598.246 JLINK_ReadReg(X19)
T1538 013:598.258 - 0.010ms returns 0x00000000
T1538 013:598.270 JLINK_ReadReg(X20)
T1538 013:598.280 - 0.010ms returns 0x00000000
T1538 013:598.291 JLINK_ReadReg(X21)
T1538 013:598.301 - 0.010ms returns 0x00000000
T1538 013:598.312 JLINK_ReadReg(X22)
T1538 013:598.323 - 0.010ms returns 0x00000000
T1538 013:598.342 JLINK_ReadReg(X23)
T1538 013:598.357 - 0.014ms returns 0x00000000
T1538 013:598.368 JLINK_ReadReg(X24)
T1538 013:598.378 - 0.010ms returns 0x00000000
T1538 013:598.389 JLINK_ReadReg(X25)
T1538 013:598.400 - 0.010ms returns 0x00000000
T1538 013:598.411 JLINK_ReadReg(X26)
T1538 013:598.421 - 0.010ms returns 0x00000000
T1538 013:598.432 JLINK_ReadReg(X27)
T1538 013:598.443 - 0.010ms returns 0x00000000
T1538 013:598.454 JLINK_ReadReg(X28)
T1538 013:598.464 - 0.010ms returns 0x00000000
T1538 013:598.477 JLINK_ReadReg(X29)
T1538 013:598.486 - 0.010ms returns 0x00000000
T1538 013:598.499 JLINK_ReadReg(X30)
T1538 013:598.509 - 0.010ms returns 0x00000000
T1538 013:598.520 JLINK_ReadReg(X31)
T1538 013:598.531 - 0.010ms returns 0x00000000
T1538 013:598.542 JLINK_ReadReg(PC)
T1538 013:598.552 - 0.010ms returns 0x00000000
T1538 013:599.288 JLINK_WriteReg(PC, 0x00000000)
T1538 013:599.309 - 0.021ms returns 0
T1538 013:601.170 JLINK_EndDownload()
T1538 013:601.194 - 0.022ms returns 0 (0x0)
T1538 013:601.363 JLINK_SetEndian(ARM_ENDIAN_LITTLE)
T1538 013:601.373 - 0.008ms returns 0
T1538 013:602.072 JLINK_ResetPullsRESET(ON)
T1538 013:602.088 - 0.016ms
T1538 013:602.096 JLINK_Halt()
T1538 013:602.102 - 0.007ms returns 0x00
T1538 013:602.110 JLINK_IsHalted()
T1538 013:602.118 - 0.007ms returns TRUE
T1538 013:602.125 JLINK_Reset()
T1538 013:602.141   RISC-V: Performing reset via <ndmreset>
T1538 013:775.440 - 173.315ms
T1538 013:775.480 JLINK_SetEndian(ARM_ENDIAN_LITTLE)
T1538 013:775.485 - 0.004ms returns 0
T1538 013:818.214 JLINK_IsHalted()
T1538 013:818.240 - 0.025ms returns TRUE
T1538 013:818.246 JLINK_ReadMem(0x000022E6, 0x2 Bytes, ...)
T1538 013:818.254    -- Read from flash cache (2 bytes @ 0x000022E6)
T1538 013:818.261   Data:  13 01
T1538 013:818.267 - 0.021ms returns 0
T1538 013:822.826 JLINK_IsHalted()
T1538 013:822.850 - 0.024ms returns TRUE
T1538 013:822.856 JLINK_ReadMem(0x000059CA, 0x2 Bytes, ...)
T1538 013:822.864    -- Read from flash cache (2 bytes @ 0x000059CA)
T1538 013:822.870   Data:  B7 42
T1538 013:822.877 - 0.021ms returns 0
T1538 013:823.709 JLINK_IsHalted()
T1538 013:823.728 - 0.020ms returns TRUE
T1538 013:823.734 JLINK_ReadMem(0x00002400, 0x40 Bytes, ...)
T1538 013:823.741    -- Read from flash cache (64 bytes @ 0x00002400)
T1538 013:823.747   Data:  13 01 41 F8 06 C2 16 C4 1A C6 1E C8 22 CA 26 CC ...
T1538 013:823.754 - 0.019ms returns 0
T1538 013:823.886 JLINK_IsHalted()
T1538 013:823.894 - 0.008ms returns TRUE
T1538 013:823.901 JLINK_ReadMem(0x00002400, 0x4 Bytes, ...)
T1538 013:823.907    -- Read from flash cache (4 bytes @ 0x00002400)
T1538 013:823.917   Data:  13 01 41 F8
T1538 013:823.923 - 0.022ms returns 0
T1538 013:826.699 JLINK_IsHalted()
T1538 013:826.739 - 0.040ms returns TRUE
T1538 013:826.749 JLINK_ReadMem(0x00005540, 0x40 Bytes, ...)
T1538 013:826.758    -- Read from flash cache (64 bytes @ 0x00005540)
T1538 013:826.768   Data:  92 44 41 01 82 80 B2 40 22 44 92 44 41 01 09 A0 ...
T1538 013:826.779 - 0.031ms returns 0
T1538 013:827.051 JLINK_IsHalted()
T1538 013:827.064 - 0.013ms returns TRUE
T1538 013:827.072 JLINK_ReadMem(0x00005558, 0x2 Bytes, ...)
T1538 013:827.078    -- Read from flash cache (2 bytes @ 0x00005558)
T1538 013:827.088   Data:  19 C5
T1538 013:827.110 - 0.038ms returns 0
T1538 014:148.701 JLINK_GetNumBPUnits(Type = 0xFFFFFF00)
T1538 014:148.731 - 0.030ms returns 0x04
T1538 014:148.736 JLINK_GetNumWPUnits()
T1538 014:148.741 - 0.004ms returns 4
T1538 014:148.749 JLINK_GetNumBPUnits(Type = 0xFFFFFF00)
T1538 014:148.754 - 0.004ms returns 0x04
T1538 014:148.760 JLINK_GetNumWPUnits()
T1538 014:148.763 - 0.004ms returns 4
T1538 014:148.771 JLINK_GetNumBPUnits(Type = 0xFFFFFF00)
T1538 014:148.774 - 0.004ms returns 0x04
T1538 014:148.779 JLINK_GetNumWPUnits()
T1538 014:148.784 - 0.004ms returns 4
T1538 014:148.805 JLINK_SetBPEx(Addr = 0x000078A0, Type = 0xFFFFFF00)
T1538 014:148.821 - 0.016ms returns 0x00000001
T1538 014:148.829 JLINK_ClrBPEx(BPHandle = 0x00000001)
T1538 014:148.834 - 0.005ms returns 0x00
T1538 014:234.376 JLINK_IsHalted()
T1538 014:235.221 - 0.845ms returns TRUE
T1538 014:235.230 JLINK_ReadMem(0x000078A2, 0x2 Bytes, ...)
T1538 014:235.238    -- Read from flash cache (2 bytes @ 0x000078A2)
T1538 014:235.245   Data:  06 C6
T1538 014:235.251 - 0.021ms returns 0
T1538 014:235.638 JLINK_SetBPEx(Addr = 0x000078A2, Type = 0xFFFFFF00)
T1538 014:235.654 - 0.017ms returns 0x00000002
T1538 014:276.562 JLINK_ReadReg(X0)
T1538 014:276.611 - 0.050ms returns 0x00000000
T1538 014:276.622 JLINK_ReadReg(X1)
T1538 014:276.629 - 0.006ms returns 0x00000000
T1538 014:276.637 JLINK_ReadReg(X2)
T1538 014:276.643 - 0.006ms returns 0x00000000
T1538 014:276.651 JLINK_ReadReg(X3)
T1538 014:276.658 - 0.006ms returns 0x00000000
T1538 014:276.666 JLINK_ReadReg(X4)
T1538 014:276.670 - 0.005ms returns 0x00000000
T1538 014:276.678 JLINK_ReadReg(X5)
T1538 014:276.685 - 0.006ms returns 0x00000000
T1538 014:276.691 JLINK_ReadReg(X6)
T1538 014:276.698 - 0.006ms returns 0x00000000
T1538 014:276.704 JLINK_ReadReg(X7)
T1538 014:276.709 - 0.005ms returns 0x00000000
T1538 014:276.715 JLINK_ReadReg(X8)
T1538 014:276.722 - 0.005ms returns 0x00000000
T1538 014:276.728 JLINK_ReadReg(X9)
T1538 014:276.734 - 0.005ms returns 0x00000000
T1538 014:276.742 JLINK_ReadReg(X10)
T1538 014:276.749 - 0.006ms returns 0x00000000
T1538 014:276.755 JLINK_ReadReg(X11)
T1538 014:276.762 - 0.006ms returns 0x00000000
T1538 014:276.770 JLINK_ReadReg(X12)
T1538 014:276.776 - 0.006ms returns 0x00000000
T1538 014:276.782 JLINK_ReadReg(X13)
T1538 014:276.789 - 0.006ms returns 0x00000000
T1538 014:276.795 JLINK_ReadReg(X14)
T1538 014:276.802 - 0.006ms returns 0x00000000
T1538 014:276.808 JLINK_ReadReg(X15)
T1538 014:276.816 - 0.006ms returns 0x00000000
T1538 014:276.822 JLINK_ReadReg(X16)
T1538 014:276.829 - 0.006ms returns 0x00000000
T1538 014:276.835 JLINK_ReadReg(X17)
T1538 014:276.842 - 0.006ms returns 0x00000000
T1538 014:276.848 JLINK_ReadReg(X18)
T1538 014:276.854 - 0.006ms returns 0x00000000
T1538 014:276.862 JLINK_ReadReg(X19)
T1538 014:276.869 - 0.006ms returns 0x00000000
T1538 014:276.877 JLINK_ReadReg(X20)
T1538 014:276.883 - 0.006ms returns 0x00000000
T1538 014:276.890 JLINK_ReadReg(X21)
T1538 014:276.898 - 0.007ms returns 0x00000000
T1538 014:276.904 JLINK_ReadReg(X22)
T1538 014:276.910 - 0.006ms returns 0x00000000
T1538 014:276.917 JLINK_ReadReg(X23)
T1538 014:276.923 - 0.006ms returns 0x00000000
T1538 014:276.930 JLINK_ReadReg(X24)
T1538 014:276.938 - 0.006ms returns 0x00000000
T1538 014:276.944 JLINK_ReadReg(X25)
T1538 014:276.950 - 0.006ms returns 0x00000000
T1538 014:276.957 JLINK_ReadReg(X26)
T1538 014:276.965 - 0.007ms returns 0x00000000
T1538 014:276.971 JLINK_ReadReg(X27)
T1538 014:276.978 - 0.006ms returns 0x00000000
T1538 014:276.986 JLINK_ReadReg(X28)
T1538 014:276.992 - 0.006ms returns 0x00000000
T1538 014:276.997 JLINK_ReadReg(X29)
T1538 014:277.002 - 0.004ms returns 0x00000000
T1538 014:277.008 JLINK_ReadReg(X30)
T1538 014:277.011 - 0.004ms returns 0x00000000
T1538 014:277.016 JLINK_ReadReg(X31)
T1538 014:277.021 - 0.004ms returns 0x00000000
T1538 014:277.027 JLINK_ReadReg(PC)
T1538 014:277.034 - 0.006ms returns 0x00000000
T08DC 014:301.582 JLINK_GetNumBPUnits(Type = 0xFFFFFF00)
T08DC 014:301.606 - 0.024ms returns 0x04
T08DC 014:301.611 JLINK_GetNumWPUnits()
T08DC 014:301.616 - 0.004ms returns 4
T08DC 014:301.981 JLINK_GetNumBPUnits(Type = 0xFFFFFF00)
T08DC 014:302.003 - 0.021ms returns 0x04
T08DC 014:302.010 JLINK_GetNumWPUnits()
T08DC 014:302.016 - 0.006ms returns 4
T08DC 014:302.226 JLINK_GetNumBPUnits(Type = 0xFFFFFF00)
T08DC 014:302.242 - 0.015ms returns 0x04
T08DC 014:302.248 JLINK_GetNumWPUnits()
T08DC 014:302.256 - 0.006ms returns 4
T08DC 014:302.507 JLINK_GetNumBPUnits(Type = 0xFFFFFF00)
T08DC 014:302.518 - 0.010ms returns 0x04
T08DC 014:302.525 JLINK_GetNumWPUnits()
T08DC 014:302.534 - 0.009ms returns 4
T08DC 014:302.725 JLINK_GetNumBPUnits(Type = 0xFFFFFF00)
T08DC 014:302.733 - 0.009ms returns 0x04
T08DC 014:302.744 JLINK_GetNumWPUnits()
T08DC 014:302.760 - 0.016ms returns 4
T08DC 014:302.954 JLINK_GetNumBPUnits(Type = 0xFFFFFF00)
T08DC 014:302.963 - 0.009ms returns 0x04
T08DC 014:302.973 JLINK_GetNumWPUnits()
T08DC 014:302.979 - 0.006ms returns 4
T08DC 014:303.163 JLINK_GetNumBPUnits(Type = 0xFFFFFF00)
T08DC 014:303.173 - 0.009ms returns 0x04
T08DC 014:303.181 JLINK_GetNumWPUnits()
T08DC 014:303.187 - 0.006ms returns 4
T08DC 014:303.374 JLINK_GetNumBPUnits(Type = 0xFFFFFF00)
T08DC 014:303.384 - 0.009ms returns 0x04
T08DC 014:303.392 JLINK_GetNumWPUnits()
T08DC 014:303.402 - 0.008ms returns 4
T1538 018:040.340 JLINK_IsHalted()
T1538 018:041.332 - 0.990ms returns TRUE
T1538 018:041.364 JLINK_ReadMem(0x00000200, 0x3A0 Bytes, ...)
T1538 018:041.376    -- Read from flash cache (928 bytes @ 0x00000200)
T1538 018:041.382   Data:  FF FF FF FF FF FF FF FF FF FF FF FF FF FF FF FF ...
T1538 018:041.404 - 0.039ms returns 0
T1538 018:180.220 JLINK_IsHalted()
T1538 018:180.252 - 0.030ms returns TRUE
T1538 018:180.260 JLINK_ReadMem(0x00000200, 0x3A0 Bytes, ...)
T1538 018:180.272    -- Read from flash cache (928 bytes @ 0x00000200)
T1538 018:180.284   Data:  FF FF FF FF FF FF FF FF FF FF FF FF FF FF FF FF ...
T1538 018:180.292 - 0.031ms returns 0
T1538 019:339.518 JLINK_GoEx(MaxEmulInsts = 0, Flags = 0x01)
T1538 019:372.246   Memory map 'after startup completion point' is active
T1538 019:372.272 - 32.755ms
T1538 019:466.528 JLINK_IsHalted()
T1538 019:483.690 - 17.158ms returns TRUE
T1538 019:484.576 JLINK_ReadReg(X0)
T1538 019:484.612 - 0.036ms returns 0x00000000
T1538 019:484.624 JLINK_ReadReg(X1)
T1538 019:484.634 - 0.009ms returns 0x00000090
T1538 019:484.644 JLINK_ReadReg(X2)
T1538 019:484.652 - 0.009ms returns 0x20006FEC
T1538 019:484.664 JLINK_ReadReg(X3)
T1538 019:484.674 - 0.009ms returns 0x00000800
T1538 019:484.684 JLINK_ReadReg(X4)
T1538 019:484.692 - 0.009ms returns 0x00000000
T1538 019:484.704 JLINK_ReadReg(X5)
T1538 019:484.714 - 0.009ms returns 0x00000008
T1538 019:484.724 JLINK_ReadReg(X6)
T1538 019:484.732 - 0.009ms returns 0x00000000
T1538 019:484.742 JLINK_ReadReg(X7)
T1538 019:484.750 - 0.008ms returns 0x00000000
T1538 019:484.760 JLINK_ReadReg(X8)
T1538 019:484.770 - 0.009ms returns 0x20006FFC
T1538 019:484.778 JLINK_ReadReg(X9)
T1538 019:484.788 - 0.008ms returns 0x00000000
T1538 019:484.796 JLINK_ReadReg(X10)
T1538 019:484.806 - 0.008ms returns 0x00000000
T1538 019:484.814 JLINK_ReadReg(X11)
T1538 019:484.824 - 0.008ms returns 0x00000000
T1538 019:484.834 JLINK_ReadReg(X12)
T1538 019:484.842 - 0.008ms returns 0x00000000
T1538 019:484.852 JLINK_ReadReg(X13)
T1538 019:484.860 - 0.008ms returns 0x00004002
T1538 019:484.868 JLINK_ReadReg(X14)
T1538 019:484.876 - 0.008ms returns 0x00000001
T1538 019:484.886 JLINK_ReadReg(X15)
T1538 019:484.896 - 0.009ms returns 0x00000001
T1538 019:484.906 JLINK_ReadReg(X16)
T1538 019:484.916 - 0.008ms returns 0x20000000
T1538 019:484.924 JLINK_ReadReg(X17)
T1538 019:484.932 - 0.008ms returns 0x00000020
T1538 019:484.940 JLINK_ReadReg(X18)
T1538 019:484.950 - 0.009ms returns 0x00000000
T1538 019:484.960 JLINK_ReadReg(X19)
T1538 019:484.970 - 0.008ms returns 0x00000000
T1538 019:484.980 JLINK_ReadReg(X20)
T1538 019:484.988 - 0.009ms returns 0x00000000
T1538 019:484.998 JLINK_ReadReg(X21)
T1538 019:485.008 - 0.009ms returns 0x00000000
T1538 019:485.018 JLINK_ReadReg(X22)
T1538 019:485.026 - 0.009ms returns 0x00000000
T1538 019:485.036 JLINK_ReadReg(X23)
T1538 019:485.044 - 0.008ms returns 0x00000000
T1538 019:485.052 JLINK_ReadReg(X24)
T1538 019:485.062 - 0.009ms returns 0x00000000
T1538 019:485.072 JLINK_ReadReg(X25)
T1538 019:485.082 - 0.008ms returns 0x00000000
T1538 019:485.092 JLINK_ReadReg(X26)
T1538 019:485.100 - 0.009ms returns 0x00000000
T1538 019:485.108 JLINK_ReadReg(X27)
T1538 019:485.118 - 0.008ms returns 0x00000000
T1538 019:485.126 JLINK_ReadReg(X28)
T1538 019:485.136 - 0.009ms returns 0x00000000
T1538 019:485.148 JLINK_ReadReg(X29)
T1538 019:485.156 - 0.008ms returns 0x00000000
T1538 019:485.164 JLINK_ReadReg(X30)
T1538 019:485.182 - 0.016ms returns 0x00000000
T1538 019:485.192 JLINK_ReadReg(X31)
T1538 019:485.202 - 0.009ms returns 0x00000000
T1538 019:485.212 JLINK_ReadReg(PC)
T1538 019:485.220 - 0.008ms returns 0x000078A2
T1538 019:487.214 JLINK_ClrBPEx(BPHandle = 0x00000002)
T1538 019:487.236 - 0.022ms returns 0x00
T1538 019:488.288 JLINK_IsHalted()
T1538 019:488.306 - 0.018ms returns TRUE
T1538 019:488.316 JLINK_ReadMem(0x00000200, 0x3A0 Bytes, ...)
T1538 019:488.324    -- Read from flash cache (928 bytes @ 0x00000200)
T1538 019:488.336   Data:  FF FF FF FF FF FF FF FF FF FF FF FF FF FF FF FF ...
T1538 019:488.346 - 0.031ms returns 0
T1538 019:490.628 JLINK_IsHalted()
T1538 019:490.648 - 0.020ms returns TRUE
T1538 019:490.656 JLINK_ReadMem(0x00000200, 0x3A0 Bytes, ...)
T1538 019:490.668    -- Read from flash cache (928 bytes @ 0x00000200)
T1538 019:490.676   Data:  FF FF FF FF FF FF FF FF FF FF FF FF FF FF FF FF ...
T1538 019:490.686 - 0.031ms returns 0
T1538 019:965.498 JLINK_GoEx(MaxEmulInsts = 0, Flags = 0x01)
T1538 019:970.876 - 5.378ms
T1538 020:075.900 JLINK_IsHalted()
T1538 020:076.522 - 0.619ms returns FALSE
T1538 020:184.714 JLINK_IsHalted()
T1538 020:185.208 - 0.494ms returns FALSE
T1538 020:294.692 JLINK_IsHalted()
T1538 020:295.322 - 0.627ms returns FALSE
T1538 020:403.596 JLINK_IsHalted()
T1538 020:404.396 - 0.797ms returns FALSE
T08DC 020:488.872 JLINK_IsHalted()
T08DC 020:489.654 - 0.781ms returns FALSE
T1538 020:513.476 JLINK_IsHalted()
T1538 020:514.190 - 0.713ms returns FALSE
T1538 020:622.164 JLINK_IsHalted()
T1538 020:622.918 - 0.752ms returns FALSE
T1538 020:731.256 JLINK_IsHalted()
T1538 020:731.950 - 0.694ms returns FALSE
T1538 020:841.236 JLINK_IsHalted()
T1538 020:841.998 - 0.763ms returns FALSE
T1538 020:950.508 JLINK_IsHalted()
T1538 020:951.238 - 0.729ms returns FALSE
T08DC 020:966.564 JLINK_IsHalted()
T08DC 020:967.140 - 0.577ms returns FALSE
T1538 021:060.102 JLINK_IsHalted()
T1538 021:060.828 - 0.723ms returns FALSE
T1538 021:168.828 JLINK_IsHalted()
T1538 021:169.596 - 0.767ms returns FALSE
T1538 021:278.676 JLINK_IsHalted()
T1538 021:279.152 - 0.476ms returns FALSE
T1538 021:388.284 JLINK_IsHalted()
T1538 021:389.032 - 0.747ms returns FALSE
T1538 021:497.532 JLINK_IsHalted()
T1538 021:498.036 - 0.504ms returns FALSE
T1538 021:606.346 JLINK_IsHalted()
T1538 021:606.856 - 0.511ms returns FALSE
T1538 021:715.684 JLINK_IsHalted()
T1538 021:716.346 - 0.660ms returns FALSE
T1538 021:825.796 JLINK_IsHalted()
T1538 021:826.414 - 0.619ms returns FALSE
T1538 021:934.936 JLINK_IsHalted()
T1538 021:935.476 - 0.539ms returns FALSE
T08DC 021:968.154 JLINK_IsHalted()
T08DC 021:968.798 - 0.645ms returns FALSE
T1538 022:044.650 JLINK_IsHalted()
T1538 022:045.326 - 0.676ms returns FALSE
T1538 022:153.892 JLINK_IsHalted()
T1538 022:154.610 - 0.718ms returns FALSE
T1538 022:263.258 JLINK_IsHalted()
T1538 022:263.982 - 0.725ms returns FALSE
T1538 022:372.236 JLINK_IsHalted()
T1538 022:372.940 - 0.704ms returns FALSE
T1538 022:481.754 JLINK_IsHalted()
T1538 022:482.460 - 0.707ms returns FALSE
T1538 022:591.388 JLINK_IsHalted()
T1538 022:592.198 - 0.809ms returns FALSE
T1538 022:700.096 JLINK_IsHalted()
T1538 022:700.896 - 0.799ms returns FALSE
T1538 022:809.422 JLINK_IsHalted()
T1538 022:810.104 - 0.680ms returns FALSE
T1538 022:918.780 JLINK_IsHalted()
T1538 022:919.332 - 0.552ms returns FALSE
T08DC 022:969.832 JLINK_IsHalted()
T08DC 022:970.492 - 0.660ms returns FALSE
T1538 023:028.844 JLINK_IsHalted()
T1538 023:029.442 - 0.596ms returns FALSE
T1538 023:138.312 JLINK_IsHalted()
T1538 023:138.988 - 0.674ms returns FALSE
T1538 023:247.424 JLINK_IsHalted()
T1538 023:248.236 - 0.812ms returns FALSE
T1538 023:356.664 JLINK_IsHalted()
T1538 023:357.518 - 0.853ms returns FALSE
T1538 023:466.100 JLINK_IsHalted()
T1538 023:466.890 - 0.789ms returns FALSE
T1538 023:575.420 JLINK_IsHalted()
T1538 023:576.370 - 0.948ms returns FALSE
T1538 023:685.084 JLINK_IsHalted()
T1538 023:685.852 - 0.764ms returns FALSE
T1538 023:794.644 JLINK_IsHalted()
T1538 023:795.310 - 0.665ms returns FALSE
T1538 023:903.658 JLINK_IsHalted()
T1538 023:904.432 - 0.773ms returns FALSE
T08DC 023:970.930 JLINK_IsHalted()
T08DC 023:971.568 - 0.638ms returns FALSE
T1538 024:012.950 JLINK_IsHalted()
T1538 024:013.718 - 0.767ms returns FALSE
T1538 024:122.276 JLINK_IsHalted()
T1538 024:123.032 - 0.755ms returns FALSE
T1538 024:231.300 JLINK_IsHalted()
T1538 024:231.992 - 0.692ms returns FALSE
T1538 024:341.164 JLINK_IsHalted()
T1538 024:341.988 - 0.823ms returns FALSE
T1538 024:450.788 JLINK_IsHalted()
T1538 024:451.520 - 0.728ms returns FALSE
T1538 024:560.040 JLINK_IsHalted()
T1538 024:560.760 - 0.718ms returns FALSE
T1538 024:669.564 JLINK_IsHalted()
T1538 024:670.292 - 0.726ms returns FALSE
T1538 024:778.852 JLINK_IsHalted()
T1538 024:779.502 - 0.647ms returns FALSE
T1538 024:887.624 JLINK_IsHalted()
T1538 024:888.440 - 0.814ms returns FALSE
T08DC 024:972.018 JLINK_IsHalted()
T08DC 024:972.702 - 0.684ms returns FALSE
T1538 024:997.808 JLINK_IsHalted()
T1538 024:998.308 - 0.500ms returns FALSE
T1538 025:106.952 JLINK_IsHalted()
T1538 025:107.602 - 0.651ms returns FALSE
T1538 025:216.196 JLINK_IsHalted()
T1538 025:216.886 - 0.688ms returns FALSE
T1538 025:325.816 JLINK_IsHalted()
T1538 025:326.476 - 0.658ms returns FALSE
T1538 025:434.514 JLINK_IsHalted()
T1538 025:435.228 - 0.713ms returns FALSE
T1538 025:544.052 JLINK_IsHalted()
T1538 025:544.724 - 0.672ms returns FALSE
T1538 025:653.554 JLINK_IsHalted()
T1538 025:654.282 - 0.726ms returns FALSE
T1538 025:763.606 JLINK_IsHalted()
T1538 025:764.332 - 0.726ms returns FALSE
T1538 025:872.238 JLINK_IsHalted()
T1538 025:873.004 - 0.763ms returns FALSE
T08DC 025:973.290 JLINK_IsHalted()
T08DC 025:974.042 - 0.749ms returns FALSE
T1538 025:981.764 JLINK_IsHalted()
T1538 025:982.276 - 0.512ms returns FALSE
T1538 026:090.966 JLINK_IsHalted()
T1538 026:091.868 - 0.901ms returns FALSE
T1538 026:200.432 JLINK_IsHalted()
T1538 026:200.972 - 0.538ms returns FALSE
T1538 026:310.124 JLINK_IsHalted()
T1538 026:310.944 - 0.818ms returns FALSE
T1538 026:419.092 JLINK_IsHalted()
T1538 026:419.820 - 0.727ms returns FALSE
T1538 026:528.848 JLINK_IsHalted()
T1538 026:529.574 - 0.725ms returns FALSE
T1538 026:638.516 JLINK_IsHalted()
T1538 026:639.202 - 0.683ms returns FALSE
T1538 026:747.052 JLINK_IsHalted()
T1538 026:747.770 - 0.718ms returns FALSE
T1538 026:856.694 JLINK_IsHalted()
T1538 026:857.524 - 0.827ms returns FALSE
T1538 026:966.022 JLINK_IsHalted()
T1538 026:966.764 - 0.739ms returns FALSE
T08DC 026:974.380 JLINK_IsHalted()
T08DC 026:975.034 - 0.648ms returns FALSE
T1538 027:075.868 JLINK_IsHalted()
T1538 027:076.528 - 0.659ms returns FALSE
T1538 027:185.338 JLINK_IsHalted()
T1538 027:186.070 - 0.732ms returns FALSE
T1538 027:294.298 JLINK_IsHalted()
T1538 027:294.998 - 0.698ms returns FALSE
T1538 027:403.686 JLINK_IsHalted()
T1538 027:404.538 - 0.849ms returns FALSE
T1538 027:513.082 JLINK_IsHalted()
T1538 027:513.700 - 0.617ms returns FALSE
T1538 027:622.634 JLINK_IsHalted()
T1538 027:623.308 - 0.676ms returns FALSE
T1538 027:731.540 JLINK_IsHalted()
T1538 027:732.276 - 0.736ms returns FALSE
T1538 027:841.446 JLINK_IsHalted()
T1538 027:842.250 - 0.803ms returns FALSE
T1538 027:950.086 JLINK_IsHalted()
T1538 027:950.892 - 0.806ms returns FALSE
T08DC 027:975.492 JLINK_IsHalted()
T08DC 027:976.198 - 0.707ms returns FALSE
T1538 028:060.950 JLINK_IsHalted()
T1538 028:061.620 - 0.667ms returns FALSE
T1538 028:169.402 JLINK_IsHalted()
T1538 028:170.196 - 0.792ms returns FALSE
T1538 028:278.416 JLINK_IsHalted()
T1538 028:278.976 - 0.561ms returns FALSE
T1538 028:387.516 JLINK_IsHalted()
T1538 028:388.294 - 0.779ms returns FALSE
T1538 028:497.796 JLINK_IsHalted()
T1538 028:498.548 - 0.752ms returns FALSE
T1538 028:607.402 JLINK_IsHalted()
T1538 028:608.272 - 0.871ms returns FALSE
T1538 028:716.556 JLINK_IsHalted()
T1538 028:717.312 - 0.752ms returns FALSE
T1538 028:825.892 JLINK_IsHalted()
T1538 028:826.662 - 0.769ms returns FALSE
T1538 028:934.886 JLINK_IsHalted()
T1538 028:935.414 - 0.528ms returns FALSE
T08DC 028:977.270 JLINK_IsHalted()
T08DC 028:977.786 - 0.517ms returns FALSE
T1538 029:044.768 JLINK_IsHalted()
T1538 029:045.466 - 0.699ms returns FALSE
T1538 029:153.908 JLINK_IsHalted()
T1538 029:154.656 - 0.750ms returns FALSE
T1538 029:262.544 JLINK_IsHalted()
T1538 029:263.228 - 0.685ms returns FALSE
T1538 029:371.968 JLINK_IsHalted()
T1538 029:372.708 - 0.740ms returns FALSE
T1538 029:481.716 JLINK_IsHalted()
T1538 029:482.460 - 0.743ms returns FALSE
T1538 029:592.214 JLINK_IsHalted()
T1538 029:593.004 - 0.790ms returns FALSE
T1538 029:700.324 JLINK_IsHalted()
T1538 029:701.050 - 0.724ms returns FALSE
T1538 029:810.256 JLINK_IsHalted()
T1538 029:810.940 - 0.682ms returns FALSE
T1538 029:918.956 JLINK_IsHalted()
T1538 029:919.684 - 0.728ms returns FALSE
T08DC 029:978.236 JLINK_IsHalted()
T08DC 029:978.932 - 0.692ms returns FALSE
T1538 030:029.088 JLINK_IsHalted()
T1538 030:029.840 - 0.750ms returns FALSE
T1538 030:137.690 JLINK_IsHalted()
T1538 030:138.378 - 0.684ms returns FALSE
T1538 030:247.684 JLINK_IsHalted()
T1538 030:248.428 - 0.741ms returns FALSE
T1538 030:356.316 JLINK_IsHalted()
T1538 030:357.012 - 0.692ms returns FALSE
T1538 030:466.410 JLINK_IsHalted()
T1538 030:467.142 - 0.731ms returns FALSE
T1538 030:575.676 JLINK_IsHalted()
T1538 030:576.396 - 0.720ms returns FALSE
T1538 030:685.180 JLINK_IsHalted()
T1538 030:685.948 - 0.768ms returns FALSE
T1538 030:794.774 JLINK_IsHalted()
T1538 030:795.356 - 0.582ms returns FALSE
T1538 030:903.312 JLINK_IsHalted()
T1538 030:904.080 - 0.765ms returns FALSE
T08DC 030:980.144 JLINK_IsHalted()
T08DC 030:980.906 - 0.761ms returns FALSE
T1538 031:012.646 JLINK_IsHalted()
T1538 031:013.220 - 0.569ms returns FALSE
T1538 031:122.052 JLINK_IsHalted()
T1538 031:122.820 - 0.769ms returns FALSE
T1538 031:231.958 JLINK_IsHalted()
T1538 031:232.678 - 0.720ms returns FALSE
T1538 031:341.396 JLINK_IsHalted()
T1538 031:342.042 - 0.645ms returns FALSE
T1538 031:450.352 JLINK_IsHalted()
T1538 031:451.108 - 0.753ms returns FALSE
T1538 031:560.428 JLINK_IsHalted()
T1538 031:561.228 - 0.796ms returns FALSE
T1538 031:669.610 JLINK_IsHalted()
T1538 031:670.416 - 0.805ms returns FALSE
T1538 031:778.394 JLINK_IsHalted()
T1538 031:779.114 - 0.717ms returns FALSE
T1538 031:887.690 JLINK_IsHalted()
T1538 031:888.528 - 0.835ms returns FALSE
T08DC 031:982.012 JLINK_IsHalted()
T08DC 031:982.656 - 0.644ms returns FALSE
T1538 031:997.732 JLINK_IsHalted()
T1538 031:998.470 - 0.740ms returns FALSE
T1538 032:106.572 JLINK_IsHalted()
T1538 032:107.402 - 0.829ms returns FALSE
T1538 032:216.188 JLINK_IsHalted()
T1538 032:216.912 - 0.723ms returns FALSE
T1538 032:325.436 JLINK_IsHalted()
T1538 032:326.308 - 0.868ms returns FALSE
T1538 032:435.108 JLINK_IsHalted()
T1538 032:435.910 - 0.804ms returns FALSE
T1538 032:544.630 JLINK_IsHalted()
T1538 032:545.398 - 0.764ms returns FALSE
T1538 032:653.322 JLINK_IsHalted()
T1538 032:654.122 - 0.799ms returns FALSE
T1538 032:763.340 JLINK_IsHalted()
T1538 032:764.112 - 0.772ms returns FALSE
T1538 032:871.948 JLINK_IsHalted()
T1538 032:872.886 - 0.933ms returns FALSE
T1538 032:981.590 JLINK_IsHalted()
T1538 032:982.266 - 0.674ms returns FALSE
T08DC 032:982.870 JLINK_IsHalted()
T08DC 032:983.532 - 0.660ms returns FALSE
T1538 033:090.804 JLINK_IsHalted()
T1538 033:091.588 - 0.782ms returns FALSE
T1538 033:200.042 JLINK_IsHalted()
T1538 033:200.630 - 0.589ms returns FALSE
T1538 033:309.440 JLINK_IsHalted()
T1538 033:309.968 - 0.529ms returns FALSE
T1538 033:418.768 JLINK_IsHalted()
T1538 033:419.492 - 0.724ms returns FALSE
T1538 033:528.948 JLINK_IsHalted()
T1538 033:529.734 - 0.784ms returns FALSE
T1538 033:637.936 JLINK_IsHalted()
T1538 033:638.724 - 0.785ms returns FALSE
T1538 033:747.456 JLINK_IsHalted()
T1538 033:748.156 - 0.698ms returns FALSE
T1538 033:856.576 JLINK_IsHalted()
T1538 033:857.268 - 0.690ms returns FALSE
T1538 033:966.088 JLINK_IsHalted()
T1538 033:966.904 - 0.811ms returns FALSE
T08DC 033:984.308 JLINK_IsHalted()
T08DC 033:985.032 - 0.725ms returns FALSE
T1538 034:075.564 JLINK_IsHalted()
T1538 034:076.312 - 0.746ms returns FALSE
T1538 034:184.580 JLINK_IsHalted()
T1538 034:185.236 - 0.656ms returns FALSE
T1538 034:294.156 JLINK_IsHalted()
T1538 034:294.740 - 0.584ms returns FALSE
T1538 034:403.696 JLINK_IsHalted()
T1538 034:404.492 - 0.796ms returns FALSE
T1538 034:513.720 JLINK_IsHalted()
T1538 034:514.368 - 0.648ms returns FALSE
T1538 034:622.856 JLINK_IsHalted()
T1538 034:623.596 - 0.736ms returns FALSE
T1538 034:732.112 JLINK_IsHalted()
T1538 034:732.856 - 0.741ms returns FALSE
T1538 034:841.496 JLINK_IsHalted()
T1538 034:842.244 - 0.742ms returns FALSE
T1538 034:950.956 JLINK_IsHalted()
T1538 034:951.624 - 0.664ms returns FALSE
T08DC 034:986.352 JLINK_IsHalted()
T08DC 034:987.052 - 0.699ms returns FALSE
T1538 035:060.312 JLINK_IsHalted()
T1538 035:060.992 - 0.682ms returns FALSE
T1538 035:168.900 JLINK_IsHalted()
T1538 035:169.644 - 0.745ms returns FALSE
T1538 035:278.760 JLINK_IsHalted()
T1538 035:279.384 - 0.625ms returns FALSE
T1538 035:388.064 JLINK_IsHalted()
T1538 035:388.844 - 0.781ms returns FALSE
T1538 035:497.308 JLINK_IsHalted()
T1538 035:498.008 - 0.699ms returns FALSE
T1538 035:606.992 JLINK_IsHalted()
T1538 035:607.788 - 0.794ms returns FALSE
T1538 035:716.008 JLINK_IsHalted()
T1538 035:716.676 - 0.670ms returns FALSE
T1538 035:825.112 JLINK_IsHalted()
T1538 035:825.912 - 0.801ms returns FALSE
T1538 035:934.364 JLINK_IsHalted()
T1538 035:935.096 - 0.731ms returns FALSE
T08DC 035:987.916 JLINK_IsHalted()
T08DC 035:988.664 - 0.745ms returns FALSE
T1538 036:044.280 JLINK_IsHalted()
T1538 036:045.072 - 0.790ms returns FALSE
T1538 036:154.200 JLINK_IsHalted()
T1538 036:154.904 - 0.707ms returns FALSE
T1538 036:262.688 JLINK_IsHalted()
T1538 036:263.324 - 0.634ms returns FALSE
T1538 036:372.724 JLINK_IsHalted()
T1538 036:373.468 - 0.744ms returns FALSE
T1538 036:481.576 JLINK_IsHalted()
T1538 036:482.296 - 0.720ms returns FALSE
T1538 036:591.608 JLINK_IsHalted()
T1538 036:592.572 - 0.966ms returns FALSE
T1538 036:700.264 JLINK_IsHalted()
T1538 036:701.048 - 0.784ms returns FALSE
T1538 036:809.444 JLINK_IsHalted()
T1538 036:810.144 - 0.701ms returns FALSE
T1538 036:918.892 JLINK_IsHalted()
T1538 036:919.656 - 0.764ms returns FALSE
T08DC 036:989.040 JLINK_IsHalted()
T08DC 036:989.684 - 0.640ms returns FALSE
T1538 037:028.932 JLINK_IsHalted()
T1538 037:029.580 - 0.648ms returns FALSE
T1538 037:137.888 JLINK_IsHalted()
T1538 037:138.580 - 0.691ms returns FALSE
T1538 037:247.204 JLINK_IsHalted()
T1538 037:247.896 - 0.692ms returns FALSE
T1538 037:356.408 JLINK_IsHalted()
T1538 037:357.008 - 0.601ms returns FALSE
T1538 037:467.112 JLINK_IsHalted()
T1538 037:468.004 - 0.892ms returns FALSE
T1538 037:575.304 JLINK_IsHalted()
T1538 037:576.120 - 0.812ms returns FALSE
T1538 037:684.424 JLINK_IsHalted()
T1538 037:685.148 - 0.725ms returns FALSE
T1538 037:794.820 JLINK_IsHalted()
T1538 037:795.504 - 0.684ms returns FALSE
T1538 037:903.128 JLINK_IsHalted()
T1538 037:903.712 - 0.582ms returns FALSE
T08DC 037:990.196 JLINK_IsHalted()
T08DC 037:990.896 - 0.697ms returns FALSE
T1538 038:013.108 JLINK_IsHalted()
T1538 038:013.928 - 0.818ms returns FALSE
T1538 038:121.912 JLINK_IsHalted()
T1538 038:122.616 - 0.697ms returns FALSE
T1538 038:231.744 JLINK_IsHalted()
T1538 038:232.504 - 0.759ms returns FALSE
T1538 038:340.700 JLINK_IsHalted()
T1538 038:341.396 - 0.691ms returns FALSE
T1538 038:450.080 JLINK_IsHalted()
T1538 038:450.960 - 0.880ms returns FALSE
T1538 038:559.876 JLINK_IsHalted()
T1538 038:560.456 - 0.583ms returns FALSE
T1538 038:669.064 JLINK_IsHalted()
T1538 038:669.960 - 0.896ms returns FALSE
T1538 038:778.500 JLINK_IsHalted()
T1538 038:779.176 - 0.675ms returns FALSE
T1538 038:888.424 JLINK_IsHalted()
T1538 038:889.032 - 0.607ms returns FALSE
T08DC 038:991.448 JLINK_IsHalted()
T08DC 038:992.124 - 0.677ms returns FALSE
T1538 038:997.104 JLINK_IsHalted()
T1538 038:997.896 - 0.790ms returns FALSE
T1538 039:107.180 JLINK_IsHalted()
T1538 039:107.880 - 0.698ms returns FALSE
T1538 039:216.584 JLINK_IsHalted()
T1538 039:217.220 - 0.637ms returns FALSE
T1538 039:325.552 JLINK_IsHalted()
T1538 039:326.200 - 0.649ms returns FALSE
T1538 039:435.448 JLINK_IsHalted()
T1538 039:436.248 - 0.797ms returns FALSE
T1538 039:543.856 JLINK_IsHalted()
T1538 039:544.800 - 0.941ms returns FALSE
T1538 039:653.696 JLINK_IsHalted()
T1538 039:654.504 - 0.802ms returns FALSE
T1538 039:763.060 JLINK_IsHalted()
T1538 039:763.928 - 0.869ms returns FALSE
T1538 039:872.624 JLINK_IsHalted()
T1538 039:873.536 - 0.910ms returns FALSE
T1538 039:981.660 JLINK_IsHalted()
T1538 039:982.360 - 0.701ms returns FALSE
T08DC 039:993.064 JLINK_IsHalted()
T08DC 039:993.592 - 0.525ms returns FALSE
T1538 040:090.920 JLINK_IsHalted()
T1538 040:091.604 - 0.680ms returns FALSE
T1538 040:200.248 JLINK_IsHalted()
T1538 040:200.856 - 0.607ms returns FALSE
T1538 040:309.912 JLINK_IsHalted()
T1538 040:310.572 - 0.657ms returns FALSE
T1538 040:419.672 JLINK_IsHalted()
T1538 040:420.420 - 0.747ms returns FALSE
T1538 040:528.900 JLINK_IsHalted()
T1538 040:529.592 - 0.691ms returns FALSE
T1538 040:638.436 JLINK_IsHalted()
T1538 040:639.176 - 0.739ms returns FALSE
T1538 040:747.160 JLINK_IsHalted()
T1538 040:747.908 - 0.748ms returns FALSE
T1538 040:856.488 JLINK_IsHalted()
T1538 040:857.328 - 0.839ms returns FALSE
T1538 040:965.748 JLINK_IsHalted()
T1538 040:966.440 - 0.693ms returns FALSE
T08DC 040:995.096 JLINK_IsHalted()
T08DC 040:995.836 - 0.737ms returns FALSE
T1538 041:075.048 JLINK_IsHalted()
T1538 041:075.948 - 0.895ms returns FALSE
T1538 041:184.916 JLINK_IsHalted()
T1538 041:185.608 - 0.688ms returns FALSE
T1538 041:293.836 JLINK_IsHalted()
T1538 041:294.512 - 0.672ms returns FALSE
T1538 041:403.544 JLINK_IsHalted()
T1538 041:404.260 - 0.716ms returns FALSE
T1538 041:512.956 JLINK_IsHalted()
T1538 041:513.684 - 0.724ms returns FALSE
T1538 041:622.096 JLINK_IsHalted()
T1538 041:622.792 - 0.696ms returns FALSE
T1538 041:731.444 JLINK_IsHalted()
T1538 041:732.200 - 0.758ms returns FALSE
T1538 041:841.060 JLINK_IsHalted()
T1538 041:841.552 - 0.492ms returns FALSE
T1538 041:950.268 JLINK_IsHalted()
T1538 041:950.968 - 0.696ms returns FALSE
T08DC 041:996.512 JLINK_IsHalted()
T08DC 041:997.240 - 0.723ms returns FALSE
T1538 042:059.908 JLINK_IsHalted()
T1538 042:060.528 - 0.620ms returns FALSE
T1538 042:168.904 JLINK_IsHalted()
T1538 042:169.616 - 0.712ms returns FALSE
T1538 042:279.016 JLINK_IsHalted()
T1538 042:279.688 - 0.674ms returns FALSE
T1538 042:387.976 JLINK_IsHalted()
T1538 042:388.744 - 0.770ms returns FALSE
T1538 042:497.640 JLINK_IsHalted()
T1538 042:498.432 - 0.792ms returns FALSE
T1538 042:606.512 JLINK_IsHalted()
T1538 042:607.264 - 0.751ms returns FALSE
T1538 042:716.108 JLINK_IsHalted()
T1538 042:717.564 - 1.455ms returns FALSE
T1538 042:825.964 JLINK_IsHalted()
T1538 042:826.648 - 0.679ms returns FALSE
T1538 042:934.800 JLINK_IsHalted()
T1538 042:935.428 - 0.626ms returns FALSE
T08DC 042:997.864 JLINK_IsHalted()
T08DC 042:998.520 - 0.651ms returns FALSE
T1538 043:044.276 JLINK_IsHalted()
T1538 043:044.768 - 0.490ms returns FALSE
T1538 043:153.164 JLINK_IsHalted()
T1538 043:153.900 - 0.733ms returns FALSE
T1538 043:262.932 JLINK_IsHalted()
T1538 043:263.612 - 0.681ms returns FALSE
T1538 043:372.044 JLINK_IsHalted()
T1538 043:372.600 - 0.552ms returns FALSE
T1538 043:481.828 JLINK_IsHalted()
T1538 043:482.596 - 0.769ms returns FALSE
T1538 043:590.836 JLINK_IsHalted()
T1538 043:591.604 - 0.766ms returns FALSE
T1538 043:700.980 JLINK_IsHalted()
T1538 043:701.704 - 0.719ms returns FALSE
T1538 043:809.624 JLINK_IsHalted()
T1538 043:810.316 - 0.691ms returns FALSE
T1538 043:919.656 JLINK_IsHalted()
T1538 043:920.376 - 0.720ms returns FALSE
T08DC 043:999.560 JLINK_IsHalted()
T08DC 044:000.196 - 0.634ms returns FALSE
T1538 044:028.696 JLINK_IsHalted()
T1538 044:029.336 - 0.639ms returns FALSE
T1538 044:138.104 JLINK_IsHalted()
T1538 044:138.916 - 0.808ms returns FALSE
T1538 044:247.480 JLINK_IsHalted()
T1538 044:248.120 - 0.641ms returns FALSE
T1538 044:357.204 JLINK_IsHalted()
T1538 044:357.860 - 0.656ms returns FALSE
T1538 044:466.308 JLINK_IsHalted()
T1538 044:467.012 - 0.702ms returns FALSE
T1538 044:575.140 JLINK_IsHalted()
T1538 044:575.892 - 0.752ms returns FALSE
T1538 044:684.696 JLINK_IsHalted()
T1538 044:685.492 - 0.795ms returns FALSE
T1538 044:794.268 JLINK_IsHalted()
T1538 044:795.084 - 0.813ms returns FALSE
T1538 044:903.796 JLINK_IsHalted()
T1538 044:904.628 - 0.832ms returns FALSE
T08DC 045:000.896 JLINK_IsHalted()
T08DC 045:001.640 - 0.740ms returns FALSE
T1538 045:013.436 JLINK_IsHalted()
T1538 045:014.200 - 0.758ms returns FALSE
T1538 045:122.864 JLINK_IsHalted()
T1538 045:123.660 - 0.796ms returns FALSE
T1538 045:231.268 JLINK_IsHalted()
T1538 045:231.732 - 0.464ms returns FALSE
T1538 045:340.840 JLINK_IsHalted()
T1538 045:341.648 - 0.807ms returns FALSE
T1538 045:450.984 JLINK_IsHalted()
T1538 045:451.860 - 0.874ms returns FALSE
T1538 045:559.824 JLINK_IsHalted()
T1538 045:560.548 - 0.723ms returns FALSE
T1538 045:670.280 JLINK_IsHalted()
T1538 045:671.104 - 0.822ms returns FALSE
T1538 045:778.844 JLINK_IsHalted()
T1538 045:779.572 - 0.727ms returns FALSE
T1538 045:888.088 JLINK_IsHalted()
T1538 045:888.868 - 0.779ms returns FALSE
T1538 045:997.304 JLINK_IsHalted()
T1538 045:998.012 - 0.709ms returns FALSE
T08DC 046:002.616 JLINK_IsHalted()
T08DC 046:003.300 - 0.683ms returns FALSE
T1538 046:107.284 JLINK_IsHalted()
T1538 046:108.044 - 0.762ms returns FALSE
T1538 046:216.228 JLINK_IsHalted()
T1538 046:217.000 - 0.770ms returns FALSE
T1538 046:325.096 JLINK_IsHalted()
T1538 046:325.816 - 0.720ms returns FALSE
T1538 046:435.016 JLINK_IsHalted()
T1538 046:435.692 - 0.676ms returns FALSE
T1538 046:544.420 JLINK_IsHalted()
T1538 046:545.188 - 0.769ms returns FALSE
T1538 046:653.140 JLINK_IsHalted()
T1538 046:653.892 - 0.752ms returns FALSE
T1538 046:762.968 JLINK_IsHalted()
T1538 046:763.668 - 0.700ms returns FALSE
T1538 046:872.200 JLINK_IsHalted()
T1538 046:872.728 - 0.529ms returns FALSE
T1538 046:981.720 JLINK_IsHalted()
T1538 046:982.452 - 0.731ms returns FALSE
T08DC 047:004.184 JLINK_IsHalted()
T08DC 047:004.892 - 0.705ms returns FALSE
T1538 047:091.092 JLINK_IsHalted()
T1538 047:091.968 - 0.877ms returns FALSE
T1538 047:200.632 JLINK_IsHalted()
T1538 047:201.384 - 0.752ms returns FALSE
T1538 047:309.700 JLINK_IsHalted()
T1538 047:310.460 - 0.759ms returns FALSE
T1538 047:419.448 JLINK_IsHalted()
T1538 047:420.188 - 0.740ms returns FALSE
T1538 047:528.428 JLINK_IsHalted()
T1538 047:529.208 - 0.776ms returns FALSE
T1538 047:637.972 JLINK_IsHalted()
T1538 047:638.712 - 0.741ms returns FALSE
T1538 047:747.316 JLINK_IsHalted()
T1538 047:747.816 - 0.499ms returns FALSE
T1538 047:856.504 JLINK_IsHalted()
T1538 047:857.044 - 0.539ms returns FALSE
T1538 047:965.748 JLINK_IsHalted()
T1538 047:966.524 - 0.776ms returns FALSE
T08DC 048:005.488 JLINK_IsHalted()
T08DC 048:006.140 - 0.651ms returns FALSE
T1538 048:075.716 JLINK_IsHalted()
T1538 048:076.408 - 0.692ms returns FALSE
T1538 048:184.568 JLINK_IsHalted()
T1538 048:185.316 - 0.747ms returns FALSE
T1538 048:294.336 JLINK_IsHalted()
T1538 048:294.996 - 0.660ms returns FALSE
T1538 048:403.344 JLINK_IsHalted()
T1538 048:404.004 - 0.658ms returns FALSE
T1538 048:513.056 JLINK_IsHalted()
T1538 048:513.864 - 0.807ms returns FALSE
T1538 048:622.928 JLINK_IsHalted()
T1538 048:623.740 - 0.811ms returns FALSE
T1538 048:731.624 JLINK_IsHalted()
T1538 048:732.284 - 0.661ms returns FALSE
T1538 048:840.804 JLINK_IsHalted()
T1538 048:841.592 - 0.788ms returns FALSE
T1538 048:950.808 JLINK_IsHalted()
T1538 048:951.496 - 0.687ms returns FALSE
T08DC 049:007.228 JLINK_IsHalted()
T08DC 049:007.956 - 0.725ms returns FALSE
T1538 049:059.912 JLINK_IsHalted()
T1538 049:060.480 - 0.566ms returns FALSE
T1538 049:168.872 JLINK_IsHalted()
T1538 049:169.632 - 0.758ms returns FALSE
T1538 049:278.296 JLINK_IsHalted()
T1538 049:278.892 - 0.595ms returns FALSE
T1538 049:387.976 JLINK_IsHalted()
T1538 049:388.532 - 0.552ms returns FALSE
T1538 049:497.972 JLINK_IsHalted()
T1538 049:498.784 - 0.811ms returns FALSE
T1538 049:606.760 JLINK_IsHalted()
T1538 049:607.464 - 0.707ms returns FALSE
T1538 049:716.240 JLINK_IsHalted()
T1538 049:716.848 - 0.607ms returns FALSE
T1538 049:825.008 JLINK_IsHalted()
T1538 049:825.672 - 0.660ms returns FALSE
T1538 049:935.056 JLINK_IsHalted()
T1538 049:935.904 - 0.849ms returns FALSE
T08DC 050:008.448 JLINK_IsHalted()
T08DC 050:009.168 - 0.720ms returns FALSE
T1538 050:044.484 JLINK_IsHalted()
T1538 050:045.160 - 0.672ms returns FALSE
T1538 050:153.740 JLINK_IsHalted()
T1538 050:154.428 - 0.688ms returns FALSE
T1538 050:263.160 JLINK_IsHalted()
T1538 050:263.860 - 0.697ms returns FALSE
T1538 050:372.528 JLINK_IsHalted()
T1538 050:373.048 - 0.517ms returns FALSE
T1538 050:481.672 JLINK_IsHalted()
T1538 050:482.396 - 0.724ms returns FALSE
T1538 050:590.744 JLINK_IsHalted()
T1538 050:591.512 - 0.766ms returns FALSE
T1538 050:700.388 JLINK_IsHalted()
T1538 050:701.120 - 0.732ms returns FALSE
T1538 050:809.456 JLINK_IsHalted()
T1538 050:810.216 - 0.758ms returns FALSE
T1538 050:919.268 JLINK_IsHalted()
T1538 050:919.968 - 0.699ms returns FALSE
T08DC 051:009.960 JLINK_IsHalted()
T08DC 051:010.708 - 0.743ms returns FALSE
T1538 051:028.488 JLINK_IsHalted()
T1538 051:029.208 - 0.720ms returns FALSE
T1538 051:137.528 JLINK_IsHalted()
T1538 051:138.120 - 0.590ms returns FALSE
T1538 051:248.000 JLINK_IsHalted()
T1538 051:248.808 - 0.810ms returns FALSE
T1538 051:356.316 JLINK_IsHalted()
T1538 051:357.052 - 0.733ms returns FALSE
T1538 051:466.472 JLINK_IsHalted()
T1538 051:467.208 - 0.738ms returns FALSE
T1538 051:575.880 JLINK_IsHalted()
T1538 051:576.636 - 0.755ms returns FALSE
T1538 051:685.016 JLINK_IsHalted()
T1538 051:685.888 - 0.871ms returns FALSE
T1538 051:794.220 JLINK_IsHalted()
T1538 051:794.984 - 0.759ms returns FALSE
T1538 051:903.196 JLINK_IsHalted()
T1538 051:904.008 - 0.811ms returns FALSE
T08DC 052:011.548 JLINK_IsHalted()
T08DC 052:012.300 - 0.751ms returns FALSE
T1538 052:013.016 JLINK_IsHalted()
T1538 052:013.684 - 0.667ms returns FALSE
T1538 052:122.144 JLINK_IsHalted()
T1538 052:123.012 - 0.865ms returns FALSE
T1538 052:231.444 JLINK_IsHalted()
T1538 052:232.224 - 0.779ms returns FALSE
T1538 052:341.004 JLINK_IsHalted()
T1538 052:341.604 - 0.596ms returns FALSE
T1538 052:450.272 JLINK_IsHalted()
T1538 052:450.944 - 0.672ms returns FALSE
T1538 052:559.384 JLINK_IsHalted()
T1538 052:560.076 - 0.688ms returns FALSE
T1538 052:669.596 JLINK_IsHalted()
T1538 052:670.280 - 0.681ms returns FALSE
T1538 052:778.296 JLINK_IsHalted()
T1538 052:778.896 - 0.597ms returns FALSE
T1538 052:887.896 JLINK_IsHalted()
T1538 052:888.676 - 0.776ms returns FALSE
T1538 052:997.808 JLINK_IsHalted()
T1538 052:998.572 - 0.749ms returns FALSE
T08DC 053:013.004 JLINK_IsHalted()
T08DC 053:013.676 - 0.670ms returns FALSE
T1538 053:106.824 JLINK_IsHalted()
T1538 053:107.592 - 0.763ms returns FALSE
T1538 053:216.516 JLINK_IsHalted()
T1538 053:217.380 - 0.860ms returns FALSE
T1538 053:325.908 JLINK_IsHalted()
T1538 053:326.476 - 0.568ms returns FALSE
T1538 053:434.960 JLINK_IsHalted()
T1538 053:435.620 - 0.660ms returns FALSE
T1538 053:544.200 JLINK_IsHalted()
T1538 053:544.848 - 0.649ms returns FALSE
T1538 053:653.300 JLINK_IsHalted()
T1538 053:653.960 - 0.657ms returns FALSE
T1538 053:763.628 JLINK_IsHalted()
T1538 053:764.152 - 0.526ms returns FALSE
T1538 053:872.384 JLINK_IsHalted()
T1538 053:872.888 - 0.508ms returns FALSE
T1538 053:981.792 JLINK_IsHalted()
T1538 053:982.540 - 0.748ms returns FALSE
T08DC 054:014.668 JLINK_IsHalted()
T08DC 054:015.380 - 0.710ms returns FALSE
T1538 054:090.732 JLINK_IsHalted()
T1538 054:091.544 - 0.809ms returns FALSE
T1538 054:200.904 JLINK_IsHalted()
T1538 054:201.644 - 0.739ms returns FALSE
T1538 054:309.864 JLINK_IsHalted()
T1538 054:310.548 - 0.683ms returns FALSE
T1538 054:418.764 JLINK_IsHalted()
T1538 054:419.272 - 0.508ms returns FALSE
T1538 054:528.232 JLINK_IsHalted()
T1538 054:528.948 - 0.717ms returns FALSE
T1538 054:637.536 JLINK_IsHalted()
T1538 054:638.216 - 0.674ms returns FALSE
T1538 054:747.904 JLINK_IsHalted()
T1538 054:748.652 - 0.772ms returns FALSE
T1538 054:856.512 JLINK_IsHalted()
T1538 054:857.228 - 0.714ms returns FALSE
T1538 054:966.648 JLINK_IsHalted()
T1538 054:967.468 - 0.820ms returns FALSE
T08DC 055:016.000 JLINK_IsHalted()
T08DC 055:016.616 - 0.611ms returns FALSE
T1538 055:075.200 JLINK_IsHalted()
T1538 055:075.712 - 0.512ms returns FALSE
T1538 055:185.184 JLINK_IsHalted()
T1538 055:185.976 - 0.793ms returns FALSE
T1538 055:294.400 JLINK_IsHalted()
T1538 055:295.064 - 0.666ms returns FALSE
T1538 055:404.792 JLINK_IsHalted()
T1538 055:405.460 - 0.662ms returns FALSE
T1538 055:513.580 JLINK_IsHalted()
T1538 055:514.344 - 0.761ms returns FALSE
T1538 055:622.136 JLINK_IsHalted()
T1538 055:623.008 - 0.873ms returns FALSE
T1538 055:731.688 JLINK_IsHalted()
T1538 055:732.360 - 0.673ms returns FALSE
T1538 055:841.280 JLINK_IsHalted()
T1538 055:842.124 - 0.840ms returns FALSE
T1538 055:950.580 JLINK_IsHalted()
T1538 055:951.348 - 0.769ms returns FALSE
T08DC 056:017.012 JLINK_IsHalted()
T08DC 056:017.696 - 0.681ms returns FALSE
T1538 056:059.896 JLINK_IsHalted()
T1538 056:060.704 - 0.807ms returns FALSE
T1538 056:169.140 JLINK_IsHalted()
T1538 056:170.008 - 0.873ms returns FALSE
T1538 056:278.920 JLINK_IsHalted()
T1538 056:279.724 - 0.805ms returns FALSE
T1538 056:388.392 JLINK_IsHalted()
T1538 056:389.184 - 0.788ms returns FALSE
T1538 056:497.588 JLINK_IsHalted()
T1538 056:498.336 - 0.753ms returns FALSE
T1538 056:607.008 JLINK_IsHalted()
T1538 056:607.848 - 0.838ms returns FALSE
T1538 056:716.544 JLINK_IsHalted()
T1538 056:717.160 - 0.612ms returns FALSE
T1538 056:825.944 JLINK_IsHalted()
T1538 056:826.664 - 0.712ms returns FALSE
T1538 056:935.384 JLINK_IsHalted()
T1538 056:936.216 - 0.831ms returns FALSE
T08DC 057:018.008 JLINK_IsHalted()
T08DC 057:018.784 - 0.773ms returns FALSE
T1538 057:044.576 JLINK_IsHalted()
T1538 057:045.300 - 0.718ms returns FALSE
T1538 057:153.368 JLINK_IsHalted()
T1538 057:154.156 - 0.790ms returns FALSE
T1538 057:262.772 JLINK_IsHalted()
T1538 057:263.520 - 0.747ms returns FALSE
T1538 057:372.244 JLINK_IsHalted()
T1538 057:372.896 - 0.649ms returns FALSE
T1538 057:481.432 JLINK_IsHalted()
T1538 057:482.200 - 0.766ms returns FALSE
T1538 057:591.256 JLINK_IsHalted()
T1538 057:592.072 - 0.814ms returns FALSE
T1538 057:700.980 JLINK_IsHalted()
T1538 057:701.740 - 0.759ms returns FALSE
T1538 057:809.728 JLINK_IsHalted()
T1538 057:810.456 - 0.729ms returns FALSE
T1538 057:918.868 JLINK_IsHalted()
T1538 057:919.692 - 0.823ms returns FALSE
T08DC 058:018.984 JLINK_IsHalted()
T08DC 058:019.640 - 0.656ms returns FALSE
T1538 058:028.504 JLINK_IsHalted()
T1538 058:029.192 - 0.685ms returns FALSE
T1538 058:138.040 JLINK_IsHalted()
T1538 058:138.760 - 0.720ms returns FALSE
T1538 058:248.000 JLINK_IsHalted()
T1538 058:248.728 - 0.725ms returns FALSE
T1538 058:356.372 JLINK_IsHalted()
T1538 058:356.872 - 0.500ms returns FALSE
T1538 058:466.624 JLINK_IsHalted()
T1538 058:467.308 - 0.681ms returns FALSE
T1538 058:575.976 JLINK_IsHalted()
T1538 058:576.692 - 0.715ms returns FALSE
T1538 058:685.248 JLINK_IsHalted()
T1538 058:685.984 - 0.736ms returns FALSE
T1538 058:794.720 JLINK_IsHalted()
T1538 058:795.400 - 0.679ms returns FALSE
T1538 058:903.372 JLINK_IsHalted()
T1538 058:903.896 - 0.525ms returns FALSE
T1538 059:013.368 JLINK_IsHalted()
T1538 059:014.144 - 0.779ms returns FALSE
T08DC 059:020.628 JLINK_IsHalted()
T08DC 059:021.272 - 0.640ms returns FALSE
T1538 059:122.920 JLINK_IsHalted()
T1538 059:123.572 - 0.655ms returns FALSE
T1538 059:231.668 JLINK_IsHalted()
T1538 059:232.468 - 0.798ms returns FALSE
T1538 059:341.600 JLINK_IsHalted()
T1538 059:342.188 - 0.591ms returns FALSE
T1538 059:450.348 JLINK_IsHalted()
T1538 059:451.080 - 0.727ms returns FALSE
T1538 059:560.308 JLINK_IsHalted()
T1538 059:561.080 - 0.772ms returns FALSE
T1538 059:669.080 JLINK_IsHalted()
T1538 059:669.964 - 0.881ms returns FALSE
T1538 059:779.308 JLINK_IsHalted()
T1538 059:780.032 - 0.726ms returns FALSE
T1538 059:889.076 JLINK_IsHalted()
T1538 059:889.736 - 0.656ms returns FALSE
T1538 059:997.096 JLINK_IsHalted()
T1538 059:999.380 - 2.278ms returns FALSE
T08DC 060:021.944 JLINK_IsHalted()
T08DC 060:022.612 - 0.668ms returns FALSE
T1538 060:106.344 JLINK_IsHalted()
T1538 060:107.032 - 0.686ms returns FALSE
T1538 060:216.152 JLINK_IsHalted()
T1538 060:216.896 - 0.737ms returns FALSE
T1538 060:325.332 JLINK_IsHalted()
T1538 060:326.112 - 0.780ms returns FALSE
T1538 060:435.136 JLINK_IsHalted()
T1538 060:436.040 - 0.622ms returns FALSE
T1104 061:030.676 JLINK_Halt()
T1104 061:049.204 - 18.528ms returns 0x00
T1104 061:051.464 JLINK_Close()
T1104 061:052.020   OnDisconnectTarget() start
T1104 061:052.032    J-Link Script File: Executing OnDisconnectTarget()
T1104 061:052.044   CPU_ReadMem(2 bytes @ 0x4001E3FE)
T1104 061:053.492   CPU_WriteMem(2 bytes @ 0x4001E3FE)
T1104 061:055.104   CPU_WriteMem(1 bytes @ 0x4001E40E)
T1104 061:056.488   CPU_WriteMem(2 bytes @ 0x4001E3FE)
T1104 061:057.864   OnDisconnectTarget() end - Took 5.82ms
T1104 061:095.476 - 44.013ms
T1104 061:095.508   
T1104 061:095.512   Closed
